<?xml version="1.0" encoding="UTF-8"?>
<testng-results ignored="0" total="1" passed="1" failed="0" skipped="0">
  <reporter-output>
  </reporter-output>
  <suite started-at="2023-02-23T16:24:13 IST" name="Default suite" finished-at="2023-02-23T16:24:27 IST" duration-ms="13836">
    <groups>
    </groups>
    <test started-at="2023-02-23T16:24:13 IST" name="Default test" finished-at="2023-02-23T16:24:27 IST" duration-ms="13836">
      <class name="tests.LoginTest">
        <test-method signature="login()[pri:0, instance:tests.LoginTest@293a5bf6]" started-at="2023-02-23T16:24:13 IST" name="login" finished-at="2023-02-23T16:24:27 IST" duration-ms="13650" status="PASS">
          <reporter-output>
          </reporter-output>
        </test-method> <!-- login -->
      </class> <!-- tests.LoginTest -->
    </test> <!-- Default test -->
  </suite> <!-- Default suite -->
</testng-results>
